2025-01-14 20:55:00.541 | INFO     | utils.utils_logger:<module>:38 - Logging to file: logs\project_log.log
2025-01-14 20:55:00.557 | INFO     | __main__:main:106 - START producer...
2025-01-14 20:55:00.557 | INFO     | __main__:main:107 - Hit CTRL c (or CMD c) to close.
2025-01-14 20:55:00.558 | INFO     | __main__:get_message_interval:53 - Messages will be sent every 3 seconds.
2025-01-14 20:55:00.558 | INFO     | __main__:main:114 - I just found a story! It was exciting.
2025-01-14 20:55:03.573 | INFO     | __main__:main:114 - I just tried a story! It was amazing.
2025-01-14 20:55:06.578 | INFO     | __main__:main:114 - I just tried a story! It was weird.
2025-01-14 20:55:09.581 | INFO     | __main__:main:114 - I just shared a trick! It was amazing.
2025-01-14 20:55:12.589 | INFO     | __main__:main:114 - I just tried an app! It was weird.
2025-01-14 20:55:15.601 | INFO     | __main__:main:114 - I just found an app! It was exciting.
2025-01-14 20:55:18.605 | INFO     | __main__:main:114 - I just found a movie! It was funny.
2025-01-14 20:55:21.611 | INFO     | __main__:main:114 - I just shared a trick! It was weird.
2025-01-14 20:55:24.626 | INFO     | __main__:main:114 - I just found a meme! It was weird.
2025-01-14 20:55:27.630 | INFO     | __main__:main:114 - I just shared an app! It was exciting.
2025-01-14 20:55:30.634 | INFO     | __main__:main:114 - I just found a story! It was weird.
2025-01-14 20:55:33.643 | INFO     | __main__:main:114 - I just found a story! It was funny.
2025-01-14 20:55:36.651 | INFO     | __main__:main:114 - I just tried an app! It was funny.
2025-01-14 20:55:39.663 | INFO     | __main__:main:114 - I just shared a story! It was funny.
2025-01-14 20:55:42.673 | INFO     | __main__:main:114 - I just shared a meme! It was weird.
2025-01-14 20:55:45.679 | INFO     | __main__:main:114 - I just found a story! It was exciting.
2025-01-14 20:55:48.682 | INFO     | __main__:main:114 - I just found an app! It was funny.
2025-01-14 20:55:51.696 | INFO     | __main__:main:114 - I just found a meme! It was boring.
2025-01-14 20:55:54.711 | INFO     | __main__:main:114 - I just found an app! It was boring.
2025-01-14 20:55:57.726 | INFO     | __main__:main:114 - I just found an app! It was amazing.
2025-01-14 20:56:00.728 | INFO     | __main__:main:114 - I just saw a movie! It was exciting.
2025-01-14 20:56:03.741 | INFO     | __main__:main:114 - I just tried a trick! It was boring.
2025-01-14 20:56:06.755 | INFO     | __main__:main:114 - I just found an app! It was exciting.
2025-01-14 20:56:09.761 | INFO     | __main__:main:114 - I just loved a story! It was weird.
2025-01-14 20:56:12.762 | INFO     | __main__:main:114 - I just tried a story! It was boring.
2025-01-14 20:56:15.769 | INFO     | __main__:main:114 - I just shared an app! It was amazing.
2025-01-14 20:56:18.772 | INFO     | __main__:main:114 - I just tried a trick! It was boring.
2025-01-14 20:56:21.774 | INFO     | __main__:main:114 - I just found a story! It was weird.
2025-01-14 20:56:24.783 | INFO     | __main__:main:114 - I just loved an app! It was exciting.
2025-01-14 20:56:27.790 | INFO     | __main__:main:114 - I just found a trick! It was exciting.
2025-01-14 20:56:30.791 | INFO     | __main__:main:114 - I just saw a story! It was boring.
2025-01-14 20:56:33.796 | INFO     | __main__:main:114 - I just shared a story! It was exciting.
2025-01-14 20:56:36.802 | INFO     | __main__:main:114 - I just tried a story! It was exciting.
2025-01-14 20:56:39.808 | INFO     | __main__:main:114 - I just loved a trick! It was funny.
2025-01-14 20:56:42.816 | INFO     | __main__:main:114 - I just tried a trick! It was funny.
2025-01-14 20:56:45.817 | INFO     | __main__:main:114 - I just loved an app! It was amazing.
2025-01-14 20:56:48.818 | INFO     | __main__:main:114 - I just shared a movie! It was funny.
2025-01-14 20:56:51.825 | INFO     | __main__:main:114 - I just saw a meme! It was amazing.
2025-01-14 20:56:54.831 | INFO     | __main__:main:114 - I just found a meme! It was exciting.
2025-01-14 20:56:57.850 | INFO     | __main__:main:114 - I just loved a trick! It was boring.
2025-01-14 20:57:00.868 | INFO     | __main__:main:114 - I just saw a movie! It was exciting.
2025-01-14 20:57:03.883 | INFO     | __main__:main:114 - I just saw a story! It was amazing.
2025-01-14 20:57:06.891 | INFO     | __main__:main:114 - I just tried a trick! It was boring.
2025-01-14 20:57:09.898 | INFO     | __main__:main:114 - I just shared an app! It was boring.
2025-01-14 20:57:12.907 | INFO     | __main__:main:114 - I just shared a movie! It was boring.
2025-01-14 20:57:15.910 | INFO     | __main__:main:114 - I just tried a meme! It was boring.
2025-01-14 20:57:18.914 | INFO     | __main__:main:114 - I just saw a trick! It was funny.
2025-01-14 20:57:21.916 | INFO     | __main__:main:114 - I just tried a meme! It was exciting.
2025-01-14 20:57:24.918 | INFO     | __main__:main:114 - I just shared a story! It was funny.
2025-01-14 20:57:27.918 | INFO     | __main__:main:114 - I just shared an app! It was funny.
2025-01-14 20:57:30.924 | INFO     | __main__:main:114 - I just saw a trick! It was exciting.
2025-01-14 20:57:33.934 | INFO     | __main__:main:114 - I just shared an app! It was boring.
2025-01-14 20:57:36.935 | INFO     | __main__:main:114 - I just found a trick! It was weird.
2025-01-14 20:57:39.943 | INFO     | __main__:main:114 - I just loved an app! It was amazing.
2025-01-14 20:57:42.952 | INFO     | __main__:main:114 - I just loved an app! It was weird.
2025-01-14 20:57:45.957 | INFO     | __main__:main:114 - I just saw an app! It was amazing.
2025-01-14 20:57:48.973 | INFO     | __main__:main:114 - I just found a story! It was exciting.
2025-01-14 20:57:51.983 | INFO     | __main__:main:114 - I just tried a movie! It was amazing.
2025-01-14 20:57:54.995 | INFO     | __main__:main:114 - I just found an app! It was funny.
2025-01-14 20:57:58.009 | INFO     | __main__:main:114 - I just found a trick! It was amazing.
2025-01-14 20:58:01.015 | INFO     | __main__:main:114 - I just saw a trick! It was weird.
2025-01-14 20:58:04.020 | INFO     | __main__:main:114 - I just loved a meme! It was boring.
2025-01-14 20:58:07.024 | INFO     | __main__:main:114 - I just shared a trick! It was amazing.
2025-01-14 20:58:10.041 | INFO     | __main__:main:114 - I just found an app! It was exciting.
2025-01-14 20:58:13.048 | INFO     | __main__:main:114 - I just found a meme! It was weird.
2025-01-14 20:58:16.059 | INFO     | __main__:main:114 - I just shared a movie! It was boring.
2025-01-14 20:58:19.063 | INFO     | __main__:main:114 - I just shared a movie! It was exciting.
2025-01-14 20:58:22.069 | INFO     | __main__:main:114 - I just found a movie! It was boring.
2025-01-14 20:58:25.081 | INFO     | __main__:main:114 - I just shared a movie! It was amazing.
2025-01-14 20:58:28.083 | INFO     | __main__:main:114 - I just shared a story! It was weird.
2025-01-14 20:58:31.086 | INFO     | __main__:main:114 - I just found a trick! It was amazing.
2025-01-14 20:58:34.100 | INFO     | __main__:main:114 - I just found a trick! It was weird.
2025-01-14 20:58:37.114 | INFO     | __main__:main:114 - I just shared a trick! It was exciting.
2025-01-14 20:58:40.130 | INFO     | __main__:main:114 - I just saw a movie! It was funny.
2025-01-14 20:58:43.131 | INFO     | __main__:main:114 - I just tried a movie! It was amazing.
2025-01-14 20:58:46.138 | INFO     | __main__:main:114 - I just saw a movie! It was amazing.
2025-01-14 20:58:49.147 | INFO     | __main__:main:114 - I just shared an app! It was funny.
2025-01-14 20:58:52.158 | INFO     | __main__:main:114 - I just tried a trick! It was amazing.
2025-01-14 20:58:55.164 | INFO     | __main__:main:114 - I just loved a meme! It was boring.
2025-01-14 20:58:58.175 | INFO     | __main__:main:114 - I just found a trick! It was boring.
2025-01-14 20:59:01.187 | INFO     | __main__:main:114 - I just tried a trick! It was amazing.
2025-01-14 20:59:04.196 | INFO     | __main__:main:114 - I just found a story! It was boring.
2025-01-14 20:59:07.205 | INFO     | __main__:main:114 - I just saw a trick! It was boring.
2025-01-14 20:59:10.211 | INFO     | __main__:main:114 - I just tried a story! It was exciting.
2025-01-14 20:59:13.217 | INFO     | __main__:main:114 - I just loved a meme! It was boring.
2025-01-14 20:59:16.222 | INFO     | __main__:main:114 - I just tried a movie! It was amazing.
2025-01-14 20:59:19.229 | INFO     | __main__:main:114 - I just shared an app! It was boring.
2025-01-14 20:59:22.236 | INFO     | __main__:main:114 - I just shared a trick! It was funny.
2025-01-14 20:59:25.242 | INFO     | __main__:main:114 - I just loved a story! It was amazing.
2025-01-14 20:59:28.257 | INFO     | __main__:main:114 - I just saw a trick! It was boring.
2025-01-14 20:59:31.266 | INFO     | __main__:main:114 - I just saw a trick! It was funny.
2025-01-14 20:59:34.276 | INFO     | __main__:main:114 - I just tried a meme! It was funny.
2025-01-14 20:59:37.282 | INFO     | __main__:main:114 - I just shared a trick! It was boring.
2025-01-14 20:59:40.298 | INFO     | __main__:main:114 - I just saw a trick! It was weird.
2025-01-14 20:59:43.300 | INFO     | __main__:main:114 - I just found a trick! It was exciting.
2025-01-14 21:01:17.584 | INFO     | utils.utils_logger:<module>:38 - Logging to file: logs\project_log.log
2025-01-14 21:01:17.585 | INFO     | __main__:main:68 - START...
2025-01-14 21:01:17.585 | INFO     | __main__:main:74 - Reading file located at logs\project_log.log.
2025-01-14 21:12:12.234 | INFO     | utils.utils_logger:<module>:38 - Logging to file: logs\project_log.log
2025-01-14 21:12:12.234 | INFO     | __main__:main:68 - START...
2025-01-14 21:12:12.235 | INFO     | __main__:main:74 - Reading file located at logs\project_log.log.
2025-01-14 21:15:53.107 | INFO     | utils.utils_logger:<module>:38 - Logging to file: logs\project_log.log
2025-01-14 21:15:53.107 | INFO     | __main__:main:68 - START...
2025-01-14 21:15:53.107 | INFO     | __main__:main:74 - Reading file located at logs\project_log.log.
2025-01-14 21:31:44.215 | INFO     | utils.utils_logger:<module>:38 - Logging to file: logs\project_log.log
2025-01-14 21:31:44.216 | INFO     | __main__:main:106 - START producer...
2025-01-14 21:31:44.216 | INFO     | __main__:main:107 - Hit CTRL c (or CMD c) to close.
2025-01-14 21:31:44.216 | INFO     | __main__:get_message_interval:53 - Messages will be sent every 3 seconds.
2025-01-14 21:31:44.217 | INFO     | __main__:main:114 - I just loved a movie! It was exciting.
2025-01-14 21:31:47.222 | INFO     | __main__:main:114 - I just saw an app! It was weird.
2025-01-14 21:31:50.232 | INFO     | __main__:main:114 - I just found a story! It was amazing.
2025-01-14 21:31:53.245 | INFO     | __main__:main:114 - I just loved a meme! It was exciting.
2025-01-14 21:31:56.253 | INFO     | __main__:main:114 - I just saw a trick! It was amazing.
2025-01-14 21:31:59.256 | INFO     | __main__:main:114 - I just shared a story! It was funny.
2025-01-14 21:32:02.262 | INFO     | __main__:main:114 - I just shared a story! It was amazing.
2025-01-14 21:32:05.264 | INFO     | __main__:main:114 - I just shared a trick! It was exciting.
2025-01-14 21:32:08.279 | INFO     | __main__:main:114 - I just shared an app! It was funny.
2025-01-14 21:32:11.284 | INFO     | __main__:main:114 - I just tried a meme! It was boring.
2025-01-14 21:32:14.297 | INFO     | __main__:main:114 - I just found a story! It was exciting.
2025-01-14 21:32:17.301 | INFO     | __main__:main:114 - I just shared an app! It was exciting.
2025-01-14 21:32:20.304 | INFO     | __main__:main:114 - I just shared a trick! It was boring.
2025-01-14 21:32:23.308 | INFO     | __main__:main:114 - I just loved a story! It was weird.
2025-01-14 21:32:26.318 | INFO     | __main__:main:114 - I just tried a movie! It was weird.
2025-01-14 21:32:29.334 | INFO     | __main__:main:114 - I just loved a trick! It was exciting.
2025-01-14 21:32:32.346 | INFO     | __main__:main:114 - I just shared a trick! It was funny.
2025-01-14 21:32:35.349 | INFO     | __main__:main:114 - I just loved a movie! It was amazing.
2025-01-14 21:32:38.357 | INFO     | __main__:main:114 - I just saw a story! It was boring.
2025-01-14 21:32:41.363 | INFO     | __main__:main:114 - I just saw a trick! It was weird.
2025-01-14 21:32:44.372 | INFO     | __main__:main:114 - I just shared an app! It was boring.
2025-01-14 21:32:47.383 | INFO     | __main__:main:114 - I just saw a movie! It was weird.
2025-01-14 21:32:50.385 | INFO     | __main__:main:114 - I just shared a trick! It was funny.
2025-01-14 21:32:53.389 | INFO     | __main__:main:114 - I just loved a trick! It was funny.
2025-01-14 21:32:56.404 | INFO     | __main__:main:114 - I just loved a story! It was boring.
2025-01-14 21:32:59.405 | INFO     | __main__:main:114 - I just tried a meme! It was funny.
2025-01-14 21:33:02.414 | INFO     | __main__:main:114 - I just saw a story! It was weird.
2025-01-14 21:33:05.415 | INFO     | __main__:main:114 - I just found a story! It was amazing.
2025-01-14 21:33:08.418 | INFO     | __main__:main:114 - I just found an app! It was exciting.
2025-01-14 21:33:11.422 | INFO     | __main__:main:114 - I just loved a movie! It was weird.
2025-01-14 21:33:14.438 | INFO     | __main__:main:114 - I just loved a trick! It was amazing.
2025-01-14 21:33:17.441 | INFO     | __main__:main:114 - I just found a story! It was boring.
2025-01-14 21:33:20.443 | INFO     | __main__:main:114 - I just saw a movie! It was exciting.
2025-01-14 21:33:23.445 | INFO     | __main__:main:114 - I just loved a story! It was boring.
2025-01-14 21:33:26.446 | INFO     | __main__:main:114 - I just saw a movie! It was weird.
2025-01-14 21:33:29.457 | INFO     | __main__:main:114 - I just loved an app! It was weird.
2025-01-14 21:33:32.459 | INFO     | __main__:main:114 - I just loved a trick! It was funny.
2025-01-14 21:33:35.461 | INFO     | __main__:main:114 - I just shared a story! It was weird.
2025-01-14 21:33:38.473 | INFO     | __main__:main:114 - I just saw a meme! It was weird.
2025-01-14 21:33:41.488 | INFO     | __main__:main:114 - I just tried a meme! It was boring.
2025-01-14 21:33:44.493 | INFO     | __main__:main:114 - I just found a movie! It was amazing.
2025-01-14 21:33:47.506 | INFO     | __main__:main:114 - I just found a meme! It was exciting.
2025-01-14 21:33:50.510 | INFO     | __main__:main:114 - I just found an app! It was funny.
2025-01-14 21:33:53.524 | INFO     | __main__:main:114 - I just shared a story! It was boring.
2025-01-14 21:33:56.539 | INFO     | __main__:main:114 - I just loved a movie! It was amazing.
2025-01-14 21:33:59.551 | INFO     | __main__:main:114 - I just found an app! It was amazing.
2025-01-14 21:34:02.559 | INFO     | __main__:main:114 - I just saw a trick! It was funny.
2025-01-14 21:34:05.568 | INFO     | __main__:main:114 - I just loved an app! It was exciting.
2025-01-14 21:34:08.584 | INFO     | __main__:main:114 - I just saw a story! It was amazing.
2025-01-14 21:34:11.584 | INFO     | __main__:main:114 - I just shared a story! It was weird.
2025-01-14 21:34:14.598 | INFO     | __main__:main:114 - I just shared a trick! It was weird.
2025-01-14 21:34:17.602 | INFO     | __main__:main:114 - I just found a story! It was amazing.
2025-01-14 21:34:20.603 | INFO     | __main__:main:114 - I just found a movie! It was amazing.
2025-01-14 21:34:23.619 | INFO     | __main__:main:114 - I just tried a meme! It was exciting.
2025-01-14 21:34:26.631 | INFO     | __main__:main:114 - I just tried a story! It was boring.
2025-01-14 21:34:29.639 | INFO     | __main__:main:114 - I just loved a trick! It was weird.
2025-01-14 21:34:32.647 | INFO     | __main__:main:114 - I just saw a trick! It was boring.
2025-01-14 21:34:35.648 | INFO     | __main__:main:114 - I just found a story! It was weird.
2025-01-14 21:34:38.653 | INFO     | __main__:main:114 - I just tried a trick! It was amazing.
2025-01-14 21:34:41.657 | INFO     | __main__:main:114 - I just tried a story! It was funny.
2025-01-14 21:34:44.671 | INFO     | __main__:main:114 - I just saw an app! It was weird.
2025-01-14 21:34:47.680 | INFO     | __main__:main:114 - I just loved a movie! It was exciting.
2025-01-14 21:34:50.694 | INFO     | __main__:main:114 - I just shared a meme! It was weird.
2025-01-14 21:34:53.695 | INFO     | __main__:main:114 - I just saw an app! It was exciting.
2025-01-14 21:34:56.711 | INFO     | __main__:main:114 - I just shared a movie! It was exciting.
2025-01-14 21:34:59.712 | INFO     | __main__:main:114 - I just found a story! It was weird.
2025-01-14 21:35:02.715 | INFO     | __main__:main:114 - I just shared a meme! It was exciting.
2025-01-14 21:35:05.730 | INFO     | __main__:main:114 - I just tried a meme! It was weird.
2025-01-14 21:35:08.740 | INFO     | __main__:main:114 - I just shared a story! It was weird.
2025-01-14 21:35:11.743 | INFO     | __main__:main:114 - I just found a meme! It was weird.
2025-01-14 21:35:14.757 | INFO     | __main__:main:114 - I just shared a movie! It was weird.
2025-01-14 21:35:17.764 | INFO     | __main__:main:114 - I just tried a movie! It was amazing.
2025-01-14 21:35:20.776 | INFO     | __main__:main:114 - I just shared a movie! It was boring.
2025-01-14 21:35:23.789 | INFO     | __main__:main:114 - I just saw a meme! It was exciting.
2025-01-14 21:35:26.805 | INFO     | __main__:main:114 - I just loved a trick! It was amazing.
2025-01-14 21:35:29.812 | INFO     | __main__:main:114 - I just loved a meme! It was boring.
2025-01-14 21:35:32.828 | INFO     | __main__:main:114 - I just shared a movie! It was funny.
2025-01-14 21:35:35.832 | INFO     | __main__:main:114 - I just loved a movie! It was boring.
2025-01-14 21:35:38.846 | INFO     | __main__:main:114 - I just shared a movie! It was exciting.
2025-01-14 21:35:41.849 | INFO     | __main__:main:114 - I just tried a story! It was weird.
2025-01-14 21:35:44.858 | INFO     | __main__:main:114 - I just tried a story! It was funny.
2025-01-14 21:35:47.867 | INFO     | __main__:main:114 - I just shared an app! It was amazing.
2025-01-14 21:35:50.874 | INFO     | __main__:main:114 - I just tried a trick! It was amazing.
2025-01-14 21:35:53.880 | INFO     | __main__:main:114 - I just tried a meme! It was amazing.
2025-01-14 21:35:56.891 | INFO     | __main__:main:114 - I just found a movie! It was exciting.
2025-01-14 21:35:59.904 | INFO     | __main__:main:114 - I just loved a trick! It was amazing.
2025-01-14 21:36:02.914 | INFO     | __main__:main:114 - I just saw a trick! It was amazing.
2025-01-14 21:36:05.915 | INFO     | __main__:main:114 - I just shared a meme! It was amazing.
2025-01-14 21:36:08.924 | INFO     | __main__:main:114 - I just saw a meme! It was amazing.
2025-01-14 21:36:11.927 | INFO     | __main__:main:114 - I just saw a trick! It was funny.
2025-01-14 21:36:14.941 | INFO     | __main__:main:114 - I just saw an app! It was exciting.
2025-01-14 21:36:17.950 | INFO     | __main__:main:114 - I just tried an app! It was boring.
2025-01-14 21:36:20.960 | INFO     | __main__:main:114 - I just tried a movie! It was weird.
2025-01-14 21:36:23.973 | INFO     | __main__:main:114 - I just loved a movie! It was weird.
2025-01-14 21:36:26.982 | INFO     | __main__:main:114 - I just tried a story! It was amazing.
2025-01-14 21:36:29.985 | INFO     | __main__:main:114 - I just loved an app! It was boring.
2025-01-14 21:36:32.999 | INFO     | __main__:main:114 - I just tried a story! It was funny.
2025-01-14 21:36:36.004 | INFO     | __main__:main:114 - I just found a trick! It was exciting.
2025-01-14 21:36:39.009 | INFO     | __main__:main:114 - I just tried a movie! It was funny.
2025-01-14 21:36:42.019 | INFO     | __main__:main:114 - I just shared a trick! It was boring.
2025-01-14 21:36:45.029 | INFO     | __main__:main:114 - I just saw an app! It was amazing.
2025-01-14 21:36:48.034 | INFO     | __main__:main:114 - I just saw a story! It was weird.
2025-01-14 21:36:51.041 | INFO     | __main__:main:114 - I just found a movie! It was boring.
2025-01-14 21:36:54.045 | INFO     | __main__:main:114 - I just loved a trick! It was exciting.
2025-01-14 21:36:57.048 | INFO     | __main__:main:114 - I just found a meme! It was amazing.
2025-01-14 21:37:00.063 | INFO     | __main__:main:114 - I just tried a meme! It was weird.
2025-01-14 21:37:03.077 | INFO     | __main__:main:114 - I just shared an app! It was boring.
2025-01-14 21:37:06.093 | INFO     | __main__:main:114 - I just loved a meme! It was boring.
2025-01-14 21:37:09.103 | INFO     | __main__:main:114 - I just tried a story! It was weird.
2025-01-14 21:37:12.121 | INFO     | __main__:main:114 - I just saw a story! It was weird.
2025-01-14 21:37:15.142 | INFO     | __main__:main:114 - I just shared a trick! It was exciting.
2025-01-14 21:37:18.154 | INFO     | __main__:main:114 - I just shared a meme! It was funny.
2025-01-14 21:37:21.165 | INFO     | __main__:main:114 - I just shared a movie! It was amazing.
2025-01-14 21:37:24.181 | INFO     | __main__:main:114 - I just found a movie! It was amazing.
2025-01-14 21:37:27.197 | INFO     | __main__:main:114 - I just found a movie! It was funny.
2025-01-14 21:37:30.203 | INFO     | __main__:main:114 - I just loved a movie! It was weird.
2025-01-14 21:37:33.215 | INFO     | __main__:main:114 - I just saw a story! It was funny.
2025-01-14 21:37:36.229 | INFO     | __main__:main:114 - I just found an app! It was amazing.
2025-01-14 21:37:39.239 | INFO     | __main__:main:114 - I just shared a movie! It was funny.
2025-01-14 21:37:42.247 | INFO     | __main__:main:114 - I just found a trick! It was exciting.
2025-01-14 21:37:45.259 | INFO     | __main__:main:114 - I just found a story! It was exciting.
2025-01-14 21:37:48.269 | INFO     | __main__:main:114 - I just tried a trick! It was boring.
2025-01-14 21:37:51.280 | INFO     | __main__:main:114 - I just found a movie! It was weird.
2025-01-14 21:37:54.288 | INFO     | __main__:main:114 - I just saw an app! It was funny.
2025-01-14 21:37:57.300 | INFO     | __main__:main:114 - I just saw a story! It was amazing.
2025-01-14 21:38:00.311 | INFO     | __main__:main:114 - I just loved a meme! It was funny.
2025-01-14 21:38:26.653 | INFO     | utils.utils_logger:<module>:38 - Logging to file: logs\project_log.log
2025-01-14 21:38:26.654 | INFO     | __main__:main:68 - START...
2025-01-14 21:38:26.654 | INFO     | __main__:main:74 - Reading file located at logs\project_log.log.
2025-01-14 21:47:00.469 | INFO     | __main__:main:85 - END.....
2025-01-14 21:47:07.274 | INFO     | utils.utils_logger:<module>:38 - Logging to file: logs\project_log.log
2025-01-14 21:47:07.275 | INFO     | __main__:main:68 - START...
2025-01-14 21:47:07.275 | INFO     | __main__:main:74 - Reading file located at logs\project_log.log.
2025-01-14 21:57:32.688 | INFO     | __main__:main:85 - END.....
2025-01-14 21:57:53.604 | INFO     | utils.utils_logger:<module>:38 - Logging to file: logs\project_log.log
2025-01-14 21:57:53.605 | INFO     | __main__:main:68 - START...
2025-01-14 21:57:53.606 | INFO     | __main__:main:74 - Reading file located at logs\project_log.log.
2025-01-14 22:00:54.036 | INFO     | __main__:main:85 - END.....
2025-01-14 22:01:05.643 | INFO     | utils.utils_logger:<module>:38 - Logging to file: logs\project_log.log
2025-01-14 22:01:05.643 | INFO     | __main__:main:68 - START...
2025-01-14 22:01:05.644 | INFO     | __main__:main:73 - Reading file located at logs\project_log.log.
2025-01-14 22:02:53.619 | INFO     | __main__:main:83 - END.....
2025-01-14 22:05:06.213 | INFO     | utils.utils_logger:<module>:38 - Logging to file: logs\project_log.log
2025-01-14 22:05:06.215 | INFO     | __main__:main:106 - START producer...
2025-01-14 22:05:06.215 | INFO     | __main__:main:107 - Hit CTRL c (or CMD c) to close.
2025-01-14 22:05:06.216 | INFO     | __main__:get_message_interval:53 - Messages will be sent every 3 seconds.
2025-01-14 22:05:06.216 | INFO     | __main__:main:114 - I just tried a story! It was weird.
2025-01-14 22:05:09.232 | INFO     | __main__:main:114 - I just loved an app! It was funny.
2025-01-14 22:05:12.244 | INFO     | __main__:main:114 - I just loved a trick! It was boring.
2025-01-14 22:05:15.249 | INFO     | __main__:main:114 - I just loved a story! It was funny.
2025-01-14 22:05:18.264 | INFO     | __main__:main:114 - I just tried a story! It was exciting.
2025-01-14 22:05:21.277 | INFO     | __main__:main:114 - I just saw a movie! It was exciting.
2025-01-14 22:05:24.278 | INFO     | __main__:main:114 - I just loved a meme! It was exciting.
2025-01-14 22:05:27.282 | INFO     | __main__:main:114 - I just tried a movie! It was weird.
2025-01-14 22:05:30.294 | INFO     | __main__:main:114 - I just tried a trick! It was boring.
2025-01-14 22:05:33.303 | INFO     | __main__:main:114 - I just tried an app! It was amazing.
2025-01-14 22:05:36.315 | INFO     | __main__:main:114 - I just saw an app! It was exciting.
2025-01-14 22:05:39.316 | INFO     | __main__:main:114 - I just tried a story! It was funny.
2025-01-14 22:05:42.330 | INFO     | __main__:main:114 - I just shared a movie! It was boring.
2025-01-14 22:05:45.331 | INFO     | __main__:main:114 - I just tried a story! It was funny.
2025-01-14 22:05:48.333 | INFO     | __main__:main:114 - I just saw a movie! It was boring.
2025-01-14 22:05:51.346 | INFO     | __main__:main:114 - I just loved a trick! It was exciting.
2025-01-14 22:05:54.349 | INFO     | __main__:main:114 - I just loved a story! It was amazing.
2025-01-14 22:05:57.352 | INFO     | __main__:main:114 - I just shared a story! It was weird.
2025-01-14 22:06:00.356 | INFO     | __main__:main:114 - I just found a movie! It was exciting.
2025-01-14 22:06:03.366 | INFO     | __main__:main:114 - I just saw an app! It was weird.
2025-01-14 22:06:06.372 | INFO     | __main__:main:114 - I just loved a movie! It was exciting.
2025-01-14 22:06:09.375 | INFO     | __main__:main:114 - I just loved a story! It was weird.
2025-01-14 22:06:12.382 | INFO     | __main__:main:114 - I just tried a movie! It was funny.
2025-01-14 22:06:15.392 | INFO     | __main__:main:114 - I just tried an app! It was weird.
2025-01-14 22:06:18.407 | INFO     | __main__:main:114 - I just shared a movie! It was boring.
2025-01-14 22:06:21.407 | INFO     | __main__:main:114 - I just loved an app! It was exciting.
2025-01-14 22:06:24.422 | INFO     | __main__:main:114 - I just found a meme! It was exciting.
2025-01-14 22:06:27.426 | INFO     | __main__:main:114 - I just found a meme! It was boring.
2025-01-14 22:06:30.429 | INFO     | __main__:main:114 - I just tried a meme! It was boring.
2025-01-14 22:06:33.435 | INFO     | __main__:main:114 - I just found a movie! It was boring.
2025-01-14 22:06:36.448 | INFO     | __main__:main:114 - I just saw a story! It was boring.
2025-01-14 22:06:39.451 | INFO     | __main__:main:114 - I just loved a story! It was funny.
2025-01-14 22:06:42.456 | INFO     | __main__:main:114 - I just loved a movie! It was exciting.
2025-01-14 22:06:45.471 | INFO     | __main__:main:114 - I just saw a story! It was weird.
2025-01-14 22:06:48.472 | INFO     | __main__:main:114 - I just saw a movie! It was funny.
2025-01-14 22:06:51.484 | INFO     | __main__:main:114 - I just saw a movie! It was funny.
2025-01-14 22:10:27.315 | INFO     | utils.utils_logger:<module>:38 - Logging to file: logs\project_log.log
2025-01-14 22:10:27.315 | INFO     | __main__:main:68 - START...
2025-01-14 22:10:27.316 | INFO     | __main__:main:73 - Reading file located at logs\project_log.log.
2025-01-14 22:10:42.943 | INFO     | __main__:main:83 - END.....
2025-01-14 22:12:55.838 | INFO     | utils.utils_logger:<module>:38 - Logging to file: logs\project_log.log
2025-01-14 22:12:55.838 | INFO     | __main__:main:100 - START consumer...
2025-01-14 22:12:55.839 | INFO     | __main__:main:105 - Reading from log file: logs\project_log.log
2025-01-14 22:13:08.667 | INFO     | __main__:main:112 - END consumer.....
2025-01-14 22:29:35.532 | INFO     | utils.utils_logger:<module>:38 - Logging to file: logs\project_log.log
2025-01-14 22:29:35.533 | INFO     | __main__:main:64 - START...
2025-01-14 22:29:35.533 | INFO     | __main__:main:69 - Reading file located at logs\project_log.log.
2025-01-14 22:29:57.346 | INFO     | __main__:main:78 - END.....
2025-01-14 22:37:08.646 | INFO     | utils.utils_logger:<module>:38 - Logging to file: logs\project_log.log
2025-01-14 22:37:08.646 | INFO     | __main__:main:43 - START...
2025-01-14 22:37:08.647 | INFO     | __main__:main:49 - Reading file located at logs\project_log.log.
2025-01-14 22:37:25.276 | INFO     | __main__:main:54 - END.....

I just added a test log entry! It was fun.
2025-01-14 22:51:12.884 | INFO     | utils.utils_logger:<module>:38 - Logging to file: logs\project_log.log
2025-01-14 22:51:12.885 | INFO     | __main__:main:68 - START...
2025-01-14 22:51:12.885 | INFO     | __main__:main:74 - Reading file located at logs\project_log.log.
2025-01-14 23:04:10.193 | INFO     | utils.utils_logger:<module>:38 - Logging to file: logs\project_log.log
2025-01-14 23:04:10.194 | INFO     | __main__:main:68 - START...
2025-01-14 23:04:10.195 | INFO     | __main__:main:74 - Reading file located at logs\project_log.log.
2025-01-14 23:11:01.679 | INFO     | __main__:main:85 - END.....
2025-01-14 23:11:04.036 | INFO     | utils.utils_logger:<module>:38 - Logging to file: logs\project_log.log
2025-01-14 23:11:04.036 | INFO     | __main__:main:68 - START...
2025-01-14 23:11:04.036 | INFO     | __main__:main:74 - Reading file located at logs\project_log.log.
2025-01-14 23:30:37.616 | INFO     | __main__:main:85 - END.....


I just added a test log entry! It was fun.2025-01-14 23:37:44.209 | INFO     | utils.utils_logger:<module>:38 - Logging to file: logs\project_log.log
2025-01-14 23:37:44.209 | INFO     | __main__:main:68 - START...

I just loved a movie! It was funny.2025-01-15 00:12:48.591 | INFO     | utils.utils_logger:<module>:38 - Logging to file: logs\project_log.log
2025-01-15 00:12:48.592 | INFO     | __main__:main:69 - START...
2025-01-15 00:12:48.592 | INFO     | __main__:main:75 - Reading file located at logs\project_log.log.
2025-01-15 00:14:19.963 | INFO     | __main__:main:86 - END.....
